[00:00:07.112] Server  LOG      ✓ Ready in 4.6s
[00:00:26.318] Server  LOG      ○ Compiling / ...
[00:00:30.751] Server  ERROR   D:\K318 English\nextjs-dashboard\.next\dev\server\chunks\ssr\[root-of-the-server]__2b72d5d3._.js: Invalid source map. Only conformant source maps can be used to find the original code. Cause: Error: sourceMapURL could not be parsed
[00:00:30.757] Server  ERROR    ⨯ ReferenceError: styles is not defined
[00:00:31.186] Browser INFO    %cDownload the React DevTools for a better development experience: https://react.dev/link/react-devtools font-weight:bold
[00:00:31.186] Browser ERROR   uncaughtError: ReferenceError: styles is not defined
[00:04:00.626] Server  ERROR   D:\K318 English\nextjs-dashboard\.next\dev\server\chunks\ssr\[root-of-the-server]__2b72d5d3._.js: Invalid source map. Only conformant source maps can be used to find the original code. Cause: Error: sourceMapURL could not be parsed
[00:04:00.628] Server  ERROR    ⨯ ReferenceError: styles is not defined
[00:04:00.825] Browser INFO    %cDownload the React DevTools for a better development experience: https://react.dev/link/react-devtools font-weight:bold
[00:04:00.825] Browser ERROR   uncaughtError: ReferenceError: styles is not defined
[00:05:23.266] Browser INFO    %cDownload the React DevTools for a better development experience: https://react.dev/link/react-devtools font-weight:bold
[00:05:31.804] Browser INFO    %cDownload the React DevTools for a better development experience: https://react.dev/link/react-devtools font-weight:bold
[00:05:32.976] Browser INFO    %cDownload the React DevTools for a better development experience: https://react.dev/link/react-devtools font-weight:bold
[00:05:33.717] Browser INFO    %cDownload the React DevTools for a better development experience: https://react.dev/link/react-devtools font-weight:bold
[00:05:36.066] Browser INFO    %cDownload the React DevTools for a better development experience: https://react.dev/link/react-devtools font-weight:bold
[00:05:38.141] Browser INFO    %cDownload the React DevTools for a better development experience: https://react.dev/link/react-devtools font-weight:bold
[00:05:53.344] Browser INFO    %cDownload the React DevTools for a better development experience: https://react.dev/link/react-devtools font-weight:bold
[00:06:41.874] Browser INFO    %cDownload the React DevTools for a better development experience: https://react.dev/link/react-devtools font-weight:bold
[00:06:44.823] Browser INFO    %cDownload the React DevTools for a better development experience: https://react.dev/link/react-devtools font-weight:bold
[142:59:37.570] Browser INFO    %cDownload the React DevTools for a better development experience: https://react.dev/link/react-devtools font-weight:bold
[142:59:37.818] Browser WARN    Image with src "/hero-desktop.png" was detected as the Largest Contentful Paint (LCP). Please add the `loading="eager"` property if this image is above the fold.
Read more: https://nextjs.org/docs/app/api-reference/components/image#loading
[143:20:42.684] Browser INFO    %cDownload the React DevTools for a better development experience: https://react.dev/link/react-devtools font-weight:bold
[143:20:43.868] Browser INFO    %cDownload the React DevTools for a better development experience: https://react.dev/link/react-devtools font-weight:bold
[143:20:45.710] Browser INFO    %cDownload the React DevTools for a better development experience: https://react.dev/link/react-devtools font-weight:bold
[143:20:48.277] Browser INFO    %cDownload the React DevTools for a better development experience: https://react.dev/link/react-devtools font-weight:bold
[143:34:58.956] Browser INFO    %cDownload the React DevTools for a better development experience: https://react.dev/link/react-devtools font-weight:bold
[310:24:49.459] Server  LOG      ✓ Compiled in 772ms
[310:25:35.227] Server  LOG      ✓ Compiled in 676ms
[310:45:51.808] Browser INFO    %cDownload the React DevTools for a better development experience: https://react.dev/link/react-devtools font-weight:bold
[310:45:52.060] Browser WARN    Image with src "/hero-desktop.png" was detected as the Largest Contentful Paint (LCP). Please add the `loading="eager"` property if this image is above the fold.
Read more: https://nextjs.org/docs/app/api-reference/components/image#loading
[310:45:56.347] Browser INFO    %cDownload the React DevTools for a better development experience: https://react.dev/link/react-devtools font-weight:bold
